make all --print-data-base --no-builtin-variables --no-builtin-rules --question
# GNU Make 4.2.1
# Built for x86_64-pc-linux-gnu
# Copyright (C) 1988-2016 Free Software Foundation, Inc.
# License GPLv3+: GNU GPL version 3 or later <http://gnu.org/licenses/gpl.html>
# This is free software: you are free to change and redistribute it.
# There is NO WARRANTY, to the extent permitted by law.

# Make data base, printed on Mon Nov 15 18:06:02 2021

# Variables

# 'override' directive
GNUMAKEFLAGS := 
# automatic
<D = $(patsubst %/,%,$(dir $<))
# automatic
?F = $(notdir $?)
# environment
DESKTOP_SESSION = ubuntu
# default
.SHELLFLAGS := -c
# environment
XDG_SESSION_CLASS = user
# environment
SNAP_COMMON = /var/snap/code/common
# environment
XDG_SESSION_TYPE = x11
# environment
VSCODE_LOG_NATIVE = false
# automatic
?D = $(patsubst %/,%,$(dir $?))
# automatic
@D = $(patsubst %/,%,$(dir $@))
# environment
XAUTHORITY = /run/user/1000/gdm/Xauthority
# environment
GDMSESSION = ubuntu
# environment
XMODIFIERS = @im=ibus
# makefile
CURDIR := /home/drake/projects/Fl21/TheoryOfAlgorithms/Assignment4
# makefile
SHELL = /bin/sh
# environment
SNAP_DATA = /var/snap/code/81
# environment
VTE_VERSION = 6003
# environment
VSCODE_NLS_CONFIG = {"locale":"en-us","availableLanguages":{},"_languagePackSupport":true}
# environment
JOURNAL_STREAM = 8:54394
# makefile (from 'Makefile', line 12)
CFLAGS = -g -Wall
# environment
XDG_CONFIG_DIRS = /etc/xdg/xdg-ubuntu:/etc/xdg
# environment
SNAP_INSTANCE_NAME = code
# environment
SNAP_ARCH = amd64
# makefile (from 'Makefile', line 1)
MAKEFILE_LIST :=  Makefile
# automatic
@F = $(notdir $@)
# environment
IM_CONFIG_PHASE = 1
# environment
USERNAME = drake
# environment
XDG_DATA_DIRS = /usr/share/ubuntu:/usr/local/share/:/usr/share/:/var/lib/snapd/desktop
# environment
DBUS_SESSION_BUS_ADDRESS = unix:path=/run/user/1000/bus
# environment
VSCODE_VERBOSE_LOGGING = true
# environment
MANAGERPID = 1792
# environment
VSCODE_IPC_HOOK_EXTHOST = /run/user/1000/vscode-ipc-5d6f1836-148c-4e26-b830-8751f5645437.sock
# environment
VSCODE_CWD = /home/drake/projects/Fl21/TheoryOfAlgorithms/Assignment4
# environment
GSETTINGS_SCHEMA_DIR = /snap/code/81/usr/share/glib-2.0/schemas
# default
MAKE_HOST := x86_64-pc-linux-gnu
# environment
PATH = /home/drake/miniconda3/bin:/home/drake/miniconda3/condabin:/usr/local/sbin:/usr/local/bin:/usr/sbin:/usr/bin:/sbin:/bin:/usr/games:/usr/local/games:/snap/bin
# environment
GPG_AGENT_INFO = /run/user/1000/gnupg/S.gpg-agent:0:1
# environment
SESSION_MANAGER = local/drake-pc:@/tmp/.ICE-unix/2006,unix/drake-pc:/tmp/.ICE-unix/2006
# environment
XDG_RUNTIME_DIR = /run/user/1000
# environment
GDK_PIXBUF_MODULE_FILE = /home/drake/snap/code/common/.cache/gdk-pixbuf-loaders.cache
# environment
SNAP = /snap/code/81
# environment
SNAP_VERSION = 3a6960b9
# environment
CONDA_PREFIX = /home/drake/miniconda3
# environment
XDG_MENU_PREFIX = gnome-
# environment
VSCODE_LOG_STACK = false
# environment
DISABLE_WAYLAND = 1
# environment
VSCODE_CRASH_REPORTER_START_OPTIONS = {"companyName":"Microsoft","productName":"VSCode","submitURL":"appcenter://code?aid=fba07a4d-84bd-4fc8-a125-9640fc8ce171&uid=32aa8a71-a139-453c-827f-a659ca03bb40&iid=32aa8a71-a139-453c-827f-a659ca03bb40&sid=32aa8a71-a139-453c-827f-a659ca03bb40","uploadToServer":true}
# environment
INVOCATION_ID = 9ab86d3381514da489ed2baec2b0b0f2
# environment
GDK_PIXBUF_MODULEDIR = /snap/code/81/usr/lib/x86_64-linux-gnu/gdk-pixbuf-2.0/2.10.0/loaders
# default
.FEATURES := target-specific order-only second-expansion else-if shortest-stem undefine oneshell archives jobserver output-sync check-symlink load
# environment
XDG_SESSION_DESKTOP = ubuntu
# environment
SSH_AUTH_SOCK = /run/user/1000/keyring/ssh
# automatic
%F = $(notdir $%)
# environment
DISPLAY = :1
# environment
CONDA_EXE = /home/drake/miniconda3/bin/conda
# environment
VSCODE_PIPE_LOGGING = true
# environment
SNAP_INSTANCE_KEY = 
# environment
PWD = /home/drake/projects/Fl21/TheoryOfAlgorithms/Assignment4
# default
.LOADED := 
# environment
SSH_AGENT_PID = 1970
# environment
ORIGINAL_XDG_CURRENT_DESKTOP = ubuntu:GNOME
# environment
GTK_MODULES = gail:atk-bridge
# environment
VSCODE_AMD_ENTRYPOINT = vs/workbench/services/extensions/node/extensionHostProcess
# environment
HOME = /home/drake
# environment
VSCODE_CLI = 1
# environment
VSCODE_CODE_CACHE_PATH = /home/drake/.config/Code/CachedData/3a6960b964327f0e3882ce18fcebd07ed191b316
# environment
LOGNAME = drake
# environment
APPLICATION_INSIGHTS_NO_DIAGNOSTIC_CHANNEL = true
# environment
SNAP_LIBRARY_PATH = /var/lib/snapd/lib/gl:/var/lib/snapd/lib/gl32:/var/lib/snapd/void
# environment
SNAP_CONTEXT = f3MKP_784zQ8bauSnggjho7C0CKrWtIGvp-fcBBBQSqN6SzJQP72
# environment
CONDA_PROMPT_MODIFIER = (base) 
# environment
ELECTRON_NO_ATTACH_CONSOLE = 1
# environment
SNAP_USER_COMMON = /home/drake/snap/code/common
# environment
VSCODE_HANDLES_UNCAUGHT_ERRORS = true
# environment
GNOME_DESKTOP_SESSION_ID = this-is-deprecated
# automatic
^D = $(patsubst %/,%,$(dir $^))
# environment
MAKELEVEL := 0
# environment
SNAP_REAL_HOME = /home/drake
# environment
CONDA_DEFAULT_ENV = base
# environment
COLORTERM = truecolor
# default
MAKE = $(MAKE_COMMAND)
# default
MAKECMDGOALS := all
# environment
QT_IM_MODULE = ibus
# environment
SNAP_USER_DATA = /home/drake/snap/code/81
# environment
SHLVL = 1
# makefile (from 'Makefile', line 11)
CC = g++
# environment
GNOME_SHELL_SESSION_MODE = ubuntu
# default
MAKE_VERSION := 4.2.1
# environment
USER = drake
# environment
SNAP_REVISION = 81
# makefile
.DEFAULT_GOAL := all
# environment
XDG_CURRENT_DESKTOP = Unity
# automatic
%D = $(patsubst %/,%,$(dir $%))
# environment
CONDA_SHLVL = 1
# default
MAKE_COMMAND := make
# environment
OLDPWD = /home/drake/projects/Fl21/TheoryOfAlgorithms
# default
.VARIABLES := 
# automatic
*F = $(notdir $*)
# environment
VSCODE_IPC_HOOK = /run/user/1000/vscode-95a7764f-1.62.2-main.sock
# makefile
MAKEFLAGS = pqrR
# environment
MFLAGS = -pqrR
# automatic
*D = $(patsubst %/,%,$(dir $*))
# environment
BREAKPAD_DUMP_LOCATION = /home/drake/.config/Code/exthost Crash Reports
# automatic
+D = $(patsubst %/,%,$(dir $+))
# environment
GDK_BACKEND = x11
# automatic
+F = $(notdir $+)
# environment
QT_ACCESSIBILITY = 1
# default
MAKEFILES := 
# environment
SNAP_COOKIE = f3MKP_784zQ8bauSnggjho7C0CKrWtIGvp-fcBBBQSqN6SzJQP72
# automatic
<F = $(notdir $<)
# environment
ELECTRON_RUN_AS_NODE = 1
# environment
SNAP_NAME = code
# environment
LC_ALL = C
# environment
CONDA_PYTHON_EXE = /home/drake/miniconda3/bin/python
# environment
GJS_DEBUG_TOPICS = JS ERROR;JS LOG
# environment
GNOME_TERMINAL_SCREEN = /org/gnome/Terminal/screen/a85172c8_001b_454f_b863_ac6f7b35a197
# automatic
^F = $(notdir $^)
# environment
GNOME_TERMINAL_SERVICE = :1.85
# default
SUFFIXES := 
# environment
SNAP_REEXEC = 
# environment
_CE_M = 
# environment
CHROME_DESKTOP = code-url-handler.desktop
# environment
WINDOWPATH = 2
# default
.INCLUDE_DIRS = /usr/include /usr/local/include /usr/include
# environment
GJS_DEBUG_OUTPUT = stderr
# default
.RECIPEPREFIX := 
# environment
LANG = C
# environment
TERM = xterm-256color
# environment
VSCODE_PID = 5603
# environment
_CE_CONDA = 
# variable set hash-table stats:
# Load=131/1024=13%, Rehash=0, Collisions=16/161=10%

# Pattern-specific Variable Values

# No pattern-specific variable values.

# Directories

# . (device 66306, inode 13492783): 13 files, no impossibilities.

# 13 files, no impossibilities in 1 directories.

# Implicit Rules

# No implicit rules.

# Files

 
all: main
#  Command line target.
#  Implicit rule search has been done.
#  File does not exist.
#  File has been updated.
#  Needs to be updated (-q is set).
# variable set hash-table stats:
# Load=0/32=0%, Rehash=0, Collisions=0/5=0%

# Not a target:
.SUFFIXES:
#  Implicit rule search has not been done.
#  Modification time never checked.
#  File has not been updated.

# Not a target:
Makefile:
#  Implicit rule search has been done.
#  Last modified 2021-11-08 20:55:30.640823301
#  File has been updated.
#  Successfully updated.

# Not a target:
src/Graph.cpp:
#  Implicit rule search has been done.
#  Last modified 2021-11-09 21:30:10.347489366
#  File has been updated.
#  Successfully updated.

# Not a target:
.DEFAULT:
#  Implicit rule search has not been done.
#  Modification time never checked.
#  File has not been updated.

# Not a target:
include/Node.h:
#  Implicit rule search has been done.
#  Last modified 2021-11-09 21:02:36.223759541
#  File has been updated.
#  Successfully updated.

clean:
#  Implicit rule search has not been done.
#  Modification time never checked.
#  File has not been updated.
#  recipe to execute (from 'Makefile', line 33):
	$(RM) main *.o *~

Graph.o: src/Graph.cpp Node.o
#  Implicit rule search has not been done.
#  Implicit/static pattern stem: ''
#  Last modified 2021-11-09 21:24:04.539153552
#  File has been updated.
#  Needs to be updated (-q is set).
# automatic
# @ := Graph.o
# automatic
# % := 
# automatic
# * := 
# automatic
# + := src/Graph.cpp Node.o
# automatic
# | := 
# automatic
# < := src/Graph.cpp
# automatic
# ^ := src/Graph.cpp Node.o
# automatic
# ? := src/Graph.cpp Node.o
# variable set hash-table stats:
# Load=8/32=25%, Rehash=0, Collisions=1/13=8%
#  recipe to execute (from 'Makefile', line 25):
	$(CC) $(CFLAGS) -c ./src/Graph.cpp

main: main.o Graph.o
#  Implicit rule search has not been done.
#  Last modified 2021-11-09 21:24:04.583152687
#  File has been updated.
#  Needs to be updated (-q is set).
# variable set hash-table stats:
# Load=0/32=0%, Rehash=0, Collisions=0/5=0%
#  recipe to execute (from 'Makefile', line 20):
	$(CC) $(CFLAGS) -o main main.o Graph.o

# Not a target:
main.o:
#  Implicit rule search has been done.
#  Last modified 2021-11-09 21:24:04.11116196
#  File has been updated.
#  Successfully updated.

Node.o: include/Node.h
#  Implicit rule search has not been done.
#  Last modified 2514-05-29 19:53:03.107374182
#  File has been updated.
#  Successfully updated.
#  recipe to execute (from 'Makefile', line 30):
	

# files hash-table stats:
# Load=11/1024=1%, Rehash=0, Collisions=0/32=0%
# VPATH Search Paths

# No 'vpath' search paths.

# No general ('VPATH' variable) search path.

# strcache buffers: 1 (0) / strings = 22 / storage = 206 B / avg = 9 B
# current buf: size = 8162 B / used = 206 B / count = 22 / avg = 9 B

# strcache performance: lookups = 39 / hit rate = 43%
# hash-table stats:
# Load=22/8192=0%, Rehash=0, Collisions=1/39=3%
# Finished Make data base on Mon Nov 15 18:06:02 2021

 
