make all --print-data-base --no-builtin-variables --no-builtin-rules --question
# GNU Make 4.2.1
# Built for x86_64-pc-linux-gnu
# Copyright (C) 1988-2016 Free Software Foundation, Inc.
# License GPLv3+: GNU GPL version 3 or later <http://gnu.org/licenses/gpl.html>
# This is free software: you are free to change and redistribute it.
# There is NO WARRANTY, to the extent permitted by law.

# Make data base, printed on Tue Oct 12 08:27:32 2021

# Variables

# 'override' directive
GNUMAKEFLAGS := 
# automatic
<D = $(patsubst %/,%,$(dir $<))
# automatic
?F = $(notdir $?)
# environment
DESKTOP_SESSION = ubuntu
# default
.SHELLFLAGS := -c
# environment
XDG_SESSION_CLASS = user
# environment
SNAP_COMMON = /var/snap/code/common
# environment
XDG_SESSION_TYPE = x11
# environment
VSCODE_LOG_NATIVE = false
# automatic
?D = $(patsubst %/,%,$(dir $?))
# automatic
@D = $(patsubst %/,%,$(dir $@))
# environment
XAUTHORITY = /run/user/1000/gdm/Xauthority
# environment
GDMSESSION = ubuntu
# environment
XMODIFIERS = @im=ibus
# makefile
CURDIR := /home/drake/projects/Fl21/TheoryOfAlgorithms/Assignment3
# makefile
SHELL = /bin/sh
# environment
SNAP_DATA = /var/snap/code/76
# environment
VTE_VERSION = 6003
# environment
VSCODE_NLS_CONFIG = {"locale":"en-us","availableLanguages":{},"_languagePackSupport":true}
# environment
JOURNAL_STREAM = 8:55794
# makefile (from 'Makefile', line 12)
CFLAGS = -g -Wall
# environment
XDG_CONFIG_DIRS = /etc/xdg/xdg-ubuntu:/etc/xdg
# environment
SNAP_INSTANCE_NAME = code
# environment
SNAP_ARCH = amd64
# makefile (from 'Makefile', line 1)
MAKEFILE_LIST :=  Makefile
# automatic
@F = $(notdir $@)
# environment
IM_CONFIG_PHASE = 1
# environment
USERNAME = drake
# environment
XDG_DATA_DIRS = /usr/share/ubuntu:/usr/local/share/:/usr/share/:/var/lib/snapd/desktop
# environment
DBUS_SESSION_BUS_ADDRESS = unix:path=/run/user/1000/bus,guid=4ce869cc63512cb767e183bf616599f9
# environment
VSCODE_VERBOSE_LOGGING = true
# environment
MANAGERPID = 1631
# environment
VSCODE_IPC_HOOK_EXTHOST = /run/user/1000/vscode-ipc-f3e40775-9347-4325-b417-e522b4ccd305.sock
# environment
VSCODE_CWD = /home/drake/projects/Fl21/TheoryOfAlgorithms/Assignment3
# environment
GSETTINGS_SCHEMA_DIR = /snap/code/76/usr/share/glib-2.0/schemas
# default
MAKE_HOST := x86_64-pc-linux-gnu
# environment
PATH = /home/drake/miniconda3/bin:/home/drake/miniconda3/condabin:/usr/local/sbin:/usr/local/bin:/usr/sbin:/usr/bin:/sbin:/bin:/usr/games:/usr/local/games:/snap/bin
# environment
GPG_AGENT_INFO = /run/user/1000/gnupg/S.gpg-agent:0:1
# environment
SESSION_MANAGER = local/drake-pc:@/tmp/.ICE-unix/2018,unix/drake-pc:/tmp/.ICE-unix/2018
# environment
XDG_RUNTIME_DIR = /run/user/1000
# environment
GDK_PIXBUF_MODULE_FILE = /home/drake/snap/code/common/.cache/gdk-pixbuf-loaders.cache
# environment
SNAP = /snap/code/76
# environment
SNAP_VERSION = ee8c7def
# environment
CONDA_PREFIX = /home/drake/miniconda3
# environment
XDG_MENU_PREFIX = gnome-
# environment
VSCODE_LOG_STACK = false
# environment
DISABLE_WAYLAND = 1
# environment
VSCODE_CRASH_REPORTER_START_OPTIONS = {"companyName":"Microsoft","productName":"VSCode","submitURL":"appcenter://code?aid=fba07a4d-84bd-4fc8-a125-9640fc8ce171&uid=32aa8a71-a139-453c-827f-a659ca03bb40&iid=32aa8a71-a139-453c-827f-a659ca03bb40&sid=32aa8a71-a139-453c-827f-a659ca03bb40","uploadToServer":true}
# environment
INVOCATION_ID = b5e3d06aa0004285a888966993ba0fad
# environment
GDK_PIXBUF_MODULEDIR = /snap/code/76/usr/lib/x86_64-linux-gnu/gdk-pixbuf-2.0/2.10.0/loaders
# default
.FEATURES := target-specific order-only second-expansion else-if shortest-stem undefine oneshell archives jobserver output-sync check-symlink load
# environment
XDG_SESSION_DESKTOP = ubuntu
# environment
SSH_AUTH_SOCK = /run/user/1000/keyring/ssh
# automatic
%F = $(notdir $%)
# environment
DISPLAY = :1
# environment
CONDA_EXE = /home/drake/miniconda3/bin/conda
# environment
VSCODE_PIPE_LOGGING = true
# environment
SNAP_INSTANCE_KEY = 
# environment
PWD = /home/drake/projects/Fl21/TheoryOfAlgorithms/Assignment3
# default
.LOADED := 
# environment
SSH_AGENT_PID = 1982
# environment
ORIGINAL_XDG_CURRENT_DESKTOP = ubuntu:GNOME
# environment
GTK_MODULES = gail:atk-bridge
# environment
VSCODE_AMD_ENTRYPOINT = vs/workbench/services/extensions/node/extensionHostProcess
# environment
HOME = /home/drake
# environment
VSCODE_CLI = 1
# environment
VSCODE_CODE_CACHE_PATH = /home/drake/.config/Code/CachedData/ee8c7def80afc00dd6e593ef12f37756d8f504ea
# environment
LOGNAME = drake
# environment
APPLICATION_INSIGHTS_NO_DIAGNOSTIC_CHANNEL = true
# environment
SNAP_LIBRARY_PATH = /var/lib/snapd/lib/gl:/var/lib/snapd/lib/gl32:/var/lib/snapd/void
# environment
SNAP_CONTEXT = f3MKP_784zQ8bauSnggjho7C0CKrWtIGvp-fcBBBQSqN6SzJQP72
# environment
CONDA_PROMPT_MODIFIER = (base) 
# environment
ELECTRON_NO_ATTACH_CONSOLE = 1
# environment
SNAP_USER_COMMON = /home/drake/snap/code/common
# environment
VSCODE_HANDLES_UNCAUGHT_ERRORS = true
# environment
GNOME_DESKTOP_SESSION_ID = this-is-deprecated
# automatic
^D = $(patsubst %/,%,$(dir $^))
# environment
MAKELEVEL := 0
# environment
SNAP_REAL_HOME = /home/drake
# environment
CONDA_DEFAULT_ENV = base
# environment
COLORTERM = truecolor
# default
MAKE = $(MAKE_COMMAND)
# default
MAKECMDGOALS := all
# environment
QT_IM_MODULE = ibus
# environment
SNAP_USER_DATA = /home/drake/snap/code/76
# environment
SHLVL = 1
# makefile (from 'Makefile', line 11)
CC = g++
# environment
GNOME_SHELL_SESSION_MODE = ubuntu
# default
MAKE_VERSION := 4.2.1
# environment
USER = drake
# environment
SNAP_REVISION = 76
# makefile
.DEFAULT_GOAL := all
# environment
XDG_CURRENT_DESKTOP = Unity
# automatic
%D = $(patsubst %/,%,$(dir $%))
# environment
CONDA_SHLVL = 1
# default
MAKE_COMMAND := make
# environment
OLDPWD = /home/drake/projects/Fl21/TheoryOfAlgorithms
# default
.VARIABLES := 
# automatic
*F = $(notdir $*)
# environment
VSCODE_IPC_HOOK = /run/user/1000/vscode-95a7764f-1.61.0-main.sock
# makefile
MAKEFLAGS = pqrR
# environment
MFLAGS = -pqrR
# automatic
*D = $(patsubst %/,%,$(dir $*))
# environment
BREAKPAD_DUMP_LOCATION = /home/drake/.config/Code/exthost Crash Reports
# automatic
+D = $(patsubst %/,%,$(dir $+))
# environment
GDK_BACKEND = x11
# automatic
+F = $(notdir $+)
# environment
NO_AT_BRIDGE = 1
# environment
QT_ACCESSIBILITY = 1
# default
MAKEFILES := 
# environment
SNAP_COOKIE = f3MKP_784zQ8bauSnggjho7C0CKrWtIGvp-fcBBBQSqN6SzJQP72
# automatic
<F = $(notdir $<)
# environment
ELECTRON_RUN_AS_NODE = 1
# environment
SNAP_NAME = code
# environment
LC_ALL = C
# environment
DBUS_STARTER_BUS_TYPE = session
# environment
CONDA_PYTHON_EXE = /home/drake/miniconda3/bin/python
# environment
GNOME_TERMINAL_SCREEN = /org/gnome/Terminal/screen/0a0c0530_4569_4c0d_82f9_9f48508f886f
# automatic
^F = $(notdir $^)
# environment
GNOME_TERMINAL_SERVICE = :1.105
# default
SUFFIXES := 
# environment
SNAP_REEXEC = 
# environment
_CE_M = 
# environment
CHROME_DESKTOP = code-url-handler.desktop
# environment
WINDOWPATH = 2
# default
.INCLUDE_DIRS = /usr/include /usr/local/include /usr/include
# default
.RECIPEPREFIX := 
# environment
LANG = C
# environment
TERM = xterm-256color
# environment
VSCODE_PID = 7005
# environment
DBUS_STARTER_ADDRESS = unix:path=/run/user/1000/bus,guid=4ce869cc63512cb767e183bf616599f9
# environment
_CE_CONDA = 
# variable set hash-table stats:
# Load=132/1024=13%, Rehash=0, Collisions=16/162=10%

# Pattern-specific Variable Values
 

# No pattern-specific variable values.

# Directories

# . (device 66306, inode 12738581): 14 files, no impossibilities.

# 14 files, no impossibilities in 1 directories.

# Implicit Rules

# No implicit rules.

# Files

# Not a target:
src/Hashtable.cpp:
#  Implicit rule search has been done.
#  Last modified 2021-10-10 17:46:21.682704332
#  File has been updated.
#  Successfully updated.

# Not a target:
include/Heap.h:
#  Implicit rule search has been done.
#  Last modified 2021-10-10 18:56:05.002268709
#  File has been updated.
#  Successfully updated.

all: ass3j
#  Command line target.
#  Implicit rule search has been done.
#  File does not exist.
#  File has been updated.
#  Needs to be updated (-q is set).
# variable set hash-table stats:
# Load=0/32=0%, Rehash=0, Collisions=0/5=0%

# Not a target:
.SUFFIXES:
#  Implicit rule search has not been done.
#  Modification time never checked.
#  File has not been updated.

# Not a target:
Makefile:
#  Implicit rule search has been done.
#  Last modified 2021-10-10 17:44:08.164505463
#  File has been updated.
#  Successfully updated.

# Not a target:
src/Heap.cpp:
#  Implicit rule search has been done.
#  Last modified 2021-10-10 18:58:59.180318971
#  File has been updated.
#  Successfully updated.

Word.o: include/Word.h
#  Implicit rule search has not been done.
#  Last modified 2514-05-29 19:53:03.107374182
#  File has been updated.
#  Successfully updated.
#  recipe to execute (from 'Makefile', line 35):
	

# Not a target:
include/LinkedList.h:
#  Implicit rule search has been done.
#  Last modified 2021-10-10 17:44:31.581073775
#  File has been updated.
#  Successfully updated.

Hashtable.o: src/Hashtable.cpp include/Hashtable.h LinkedList.o
#  Implicit rule search has not been done.
#  Last modified 2021-10-10 19:00:07.363363088
#  File has been updated.
#  Needs to be updated (-q is set).
# variable set hash-table stats:
# Load=0/32=0%, Rehash=0, Collisions=0/5=0%
#  recipe to execute (from 'Makefile', line 22):
	$(CC) $(CFLAGS) -c ./src/Hashtable.cpp

# Not a target:
src/LinkedList.cpp:
#  Implicit rule search has been done.
#  Last modified 2021-10-10 17:48:51.81102685
#  File has been updated.
#  Successfully updated.

# Not a target:
.DEFAULT:
#  Implicit rule search has not been done.
#  Modification time never checked.
#  File has not been updated.

LinkedList.o: src/LinkedList.cpp include/LinkedList.h Word.o Heap.o
#  Implicit rule search has not been done.
#  Last modified 2021-10-10 19:00:07.16735495
#  File has been updated.
#  Needs to be updated (-q is set).
# variable set hash-table stats:
# Load=0/32=0%, Rehash=0, Collisions=0/5=0%
#  recipe to execute (from 'Makefile', line 27):
	$(CC) $(CFLAGS) -c ./src/LinkedList.cpp

Heap.o: src/Heap.cpp include/Heap.h Word.o
#  Implicit rule search has not been done.
#  Implicit/static pattern stem: ''
#  Last modified 2021-10-10 19:00:06.991347644
#  File has been updated.
#  Needs to be updated (-q is set).
# automatic
# @ := Heap.o
# automatic
# % := 
# automatic
# * := 
# automatic
# + := src/Heap.cpp include/Heap.h Word.o
# automatic
# | := 
# automatic
# < := src/Heap.cpp
# automatic
# ^ := src/Heap.cpp include/Heap.h Word.o
# automatic
# ? := Word.o
# variable set hash-table stats:
# Load=8/32=25%, Rehash=0, Collisions=1/13=8%
#  recipe to execute (from 'Makefile', line 30):
	$(CC) $(CFLAGS) -c ./src/Heap.cpp

ass3j: ass3j.o Hashtable.o
#  Implicit rule search has not been done.
#  Last modified 2021-10-10 19:00:07.41136508
#  File has been updated.
#  Needs to be updated (-q is set).
# variable set hash-table stats:
# Load=0/32=0%, Rehash=0, Collisions=0/5=0%
#  recipe to execute (from 'Makefile', line 19):
	$(CC) $(CFLAGS) -o ass3j ass3j.o Hashtable.o

# Not a target:
ass3j.o:
#  Implicit rule search has been done.
#  Last modified 2021-10-10 19:00:06.811340156
#  File has been updated.
#  Successfully updated.

clean:
#  Implicit rule search has not been done.
#  Modification time never checked.
#  File has not been updated.
#  recipe to execute (from 'Makefile', line 38):
	$(RM) ass3j *.o *~

# Not a target:
include/Hashtable.h:
#  Implicit rule search has been done.
#  Last modified 2021-10-10 17:41:58.762290626
#  File has been updated.
#  Successfully updated.

# Not a target:
include/Word.h:
#  Implicit rule search has been done.
#  Last modified 2021-10-10 16:06:23.55452636
#  File has been updated.
#  Successfully updated.

# files hash-table stats:
# Load=18/1024=2%, Rehash=0, Collisions=0/49=0%
# VPATH Search Paths

# No 'vpath' search paths.

# No general ('VPATH' variable) search path.

# strcache buffers: 1 (0) / strings = 28 / storage = 321 B / avg = 11 B
# current buf: size = 8162 B / used = 321 B / count = 28 / avg = 11 B

# strcache performance: lookups = 52 / hit rate = 46%
# hash-table stats:
# Load=28/8192=0%, Rehash=0, Collisions=1/52=2%
# Finished Make data base on Tue Oct 12 08:27:32 2021

 
