This is pdfTeX, Version 3.141592653-2.6-1.40.22 (MiKTeX 21.6) (preloaded format=pdflatex 2021.8.23)  25 AUG 2021 19:39
entering extended mode
**./Drake-Cullen-Academic-Integrity.tex
(Drake-Cullen-Academic-Integrity.tex
LaTeX2e <2021-06-01> patch level 1
L3 programming layer <2021-07-12>
(/home/drake/.miktex/texmfs/install/tex/latex/base/article.cls
Document Class: article 2021/02/12 v1.4n Standard LaTeX document class
(/home/drake/.miktex/texmfs/install/tex/latex/base/size11.clo
File: size11.clo 2021/02/12 v1.4n Standard LaTeX file (size option)
)
\c@part=\count182
\c@section=\count183
\c@subsection=\count184
\c@subsubsection=\count185
\c@paragraph=\count186
\c@subparagraph=\count187
\c@figure=\count188
\c@table=\count189
\abovecaptionskip=\skip47
\belowcaptionskip=\skip48
\bibindent=\dimen138
)
(/home/drake/.miktex/texmfs/install/tex/latex/geometry/geometry.sty
Package: geometry 2020/01/02 v5.9 Page Geometry

(/home/drake/.miktex/texmfs/install/tex/latex/graphics/keyval.sty
Package: keyval 2014/10/28 v1.15 key=value parser (DPC)
\KV@toks@=\toks16
)
(/home/drake/.miktex/texmfs/install/tex/generic/iftex/ifvtex.sty
Package: ifvtex 2019/10/25 v1.7 ifvtex legacy package. Use iftex instead.

(/home/drake/.miktex/texmfs/install/tex/generic/iftex/iftex.sty
Package: iftex 2020/03/06 v1.0d TeX engine tests
))
\Gm@cnth=\count190
\Gm@cntv=\count191
\c@Gm@tempcnt=\count192
\Gm@bindingoffset=\dimen139
\Gm@wd@mp=\dimen140
\Gm@odd@mp=\dimen141
\Gm@even@mp=\dimen142
\Gm@layoutwidth=\dimen143
\Gm@layoutheight=\dimen144
\Gm@layouthoffset=\dimen145
\Gm@layoutvoffset=\dimen146
\Gm@dimlist=\toks17

(/home/drake/.miktex/texmfs/install/tex/latex/geometry/geometry.cfg))
(/home/drake/.miktex/texmfs/install/tex/latex/graphics/graphicx.sty
Package: graphicx 2020/12/05 v1.2c Enhanced LaTeX Graphics (DPC,SPQR)

(/home/drake/.miktex/texmfs/install/tex/latex/graphics/graphics.sty
Package: graphics 2021/03/04 v1.4d Standard LaTeX Graphics (DPC,SPQR)

(/home/drake/.miktex/texmfs/install/tex/latex/graphics/trig.sty
Package: trig 2016/01/03 v1.10 sin cos tan (DPC)
)
(/home/drake/.miktex/texmfs/install/tex/latex/graphics-cfg/graphics.cfg
File: graphics.cfg 2016/06/04 v1.11 sample graphics configuration
)
Package graphics Info: Driver file: pdftex.def on input line 107.

(/home/drake/.miktex/texmfs/install/tex/latex/graphics-def/pdftex.def
File: pdftex.def 2020/10/05 v1.2a Graphics/color driver for pdftex
))
\Gin@req@height=\dimen147
\Gin@req@width=\dimen148
)
(/home/drake/.miktex/texmfs/install/tex/latex/graphics/color.sty
Package: color 2020/02/24 v1.2b Standard LaTeX Color (DPC)

(/home/drake/.miktex/texmfs/install/tex/latex/graphics-cfg/color.cfg
File: color.cfg 2016/01/02 v1.6 sample color configuration
)
Package color Info: Driver file: pdftex.def on input line 149.
)
(/home/drake/.miktex/texmfs/install/tex/latex/amsfonts/amssymb.sty
Package: amssymb 2013/01/14 v3.01 AMS font symbols

(/home/drake/.miktex/texmfs/install/tex/latex/amsfonts/amsfonts.sty
Package: amsfonts 2013/01/14 v3.01 Basic AMSFonts support
\@emptytoks=\toks18
\symAMSa=\mathgroup4
\symAMSb=\mathgroup5
LaTeX Font Info:    Redeclaring math symbol \hbar on input line 98.
LaTeX Font Info:    Overwriting math alphabet `\mathfrak' in version `bold'
(Font)                  U/euf/m/n --> U/euf/b/n on input line 106.
))
(/home/drake/.miktex/texmfs/install/tex/latex/epstopdf-pkg/epstopdf.sty
Package: epstopdf 2020-01-24 v2.11 Conversion with epstopdf on the fly (HO)

(/home/drake/.miktex/texmfs/install/tex/generic/infwarerr/infwarerr.sty
Package: infwarerr 2019/12/03 v1.5 Providing info/warning/error messages (HO)
)
(/home/drake/.miktex/texmfs/install/tex/latex/grfext/grfext.sty
Package: grfext 2019/12/03 v1.3 Manage graphics extensions (HO)

(/home/drake/.miktex/texmfs/install/tex/generic/kvdefinekeys/kvdefinekeys.sty
Package: kvdefinekeys 2019-12-19 v1.6 Define keys (HO)
)) (/home/drake/.miktex/texmfs/install/tex/latex/kvoptions/kvoptions.sty
Package: kvoptions 2020-10-07 v3.14 Key value format for package options (HO)

(/home/drake/.miktex/texmfs/install/tex/generic/ltxcmds/ltxcmds.sty
Package: ltxcmds 2020-05-10 v1.25 LaTeX kernel commands for general use (HO)
)
(/home/drake/.miktex/texmfs/install/tex/generic/kvsetkeys/kvsetkeys.sty
Package: kvsetkeys 2019/12/15 v1.18 Key value parser (HO)
))
(/home/drake/.miktex/texmfs/install/tex/generic/pdftexcmds/pdftexcmds.sty
Package: pdftexcmds 2020-06-27 v0.33 Utility functions of pdfTeX for LuaTeX (HO
)
Package pdftexcmds Info: \pdf@primitive is available.
Package pdftexcmds Info: \pdf@ifprimitive is available.
Package pdftexcmds Info: \pdfdraftmode found.
)
(/home/drake/.miktex/texmfs/install/tex/latex/epstopdf-pkg/epstopdf-base.sty
Package: epstopdf-base 2020-01-24 v2.11 Base part for package epstopdf
Package epstopdf-base Info: Redefining graphics rule for `.eps' on input line 4
85.
Package grfext Info: Graphics extension search list:
(grfext)             [.pdf,.png,.jpg,.mps,.jpeg,.jbig2,.jb2,.PDF,.PNG,.JPG,.JPE
G,.JBIG2,.JB2,.eps]
(grfext)             \AppendGraphicsExtensions on input line 504.

(/home/drake/.miktex/texmfs/install/tex/latex/00miktex/epstopdf-sys.cfg
File: epstopdf-sys.cfg 2021/03/18 v2.0 Configuration of epstopdf for MiKTeX
)))
(/home/drake/.miktex/texmfs/install/tex/latex/sectsty/sectsty.sty
Package: sectsty 2002/02/25 v2.0.2 Commands to change all sectional heading sty
les


LaTeX Warning: Command \underbar  has changed.
               Check if current package is valid.


LaTeX Warning: Command \underline  has changed.
               Check if current package is valid.

) (/home/drake/.miktex/texmfs/install/tex/latex/url/url.sty
\Urlmuskip=\muskip16
Package: url 2013/09/16  ver 3.4  Verb mode for urls, etc.
)
(/home/drake/.miktex/texmfs/install/tex/latex/l3backend/l3backend-pdftex.def
File: l3backend-pdftex.def 2021-08-04 L3 backend support: PDF output (pdfTeX)
\l__color_backend_stack_int=\count193
\l__pdf_internal_box=\box50
)
(Drake-Cullen-Academic-Integrity.aux

LaTeX Warning: Label `impj' multiply defined.


LaTeX Warning: Label `impj' multiply defined.


LaTeX Warning: Label `impj' multiply defined.


LaTeX Warning: Label `impj' multiply defined.


LaTeX Warning: Label `impj' multiply defined.


LaTeX Warning: Label `impj' multiply defined.

)
\openout1 = `Drake-Cullen-Academic-Integrity.aux'.

LaTeX Font Info:    Checking defaults for OML/cmm/m/it on input line 18.
LaTeX Font Info:    ... okay on input line 18.
LaTeX Font Info:    Checking defaults for OMS/cmsy/m/n on input line 18.
LaTeX Font Info:    ... okay on input line 18.
LaTeX Font Info:    Checking defaults for OT1/cmr/m/n on input line 18.
LaTeX Font Info:    ... okay on input line 18.
LaTeX Font Info:    Checking defaults for T1/cmr/m/n on input line 18.
LaTeX Font Info:    ... okay on input line 18.
LaTeX Font Info:    Checking defaults for TS1/cmr/m/n on input line 18.
LaTeX Font Info:    ... okay on input line 18.
LaTeX Font Info:    Checking defaults for OMX/cmex/m/n on input line 18.
LaTeX Font Info:    ... okay on input line 18.
LaTeX Font Info:    Checking defaults for U/cmr/m/n on input line 18.
LaTeX Font Info:    ... okay on input line 18.

*geometry* driver: auto-detecting
*geometry* detected driver: pdftex
*geometry* verbose mode - [ preamble ] result:
* driver: pdftex
* paper: letterpaper
* layout: <same size as paper>
* layoutoffset:(h,v)=(0.0pt,0.0pt)
* modes: 
* h-part:(L,W,R)=(92.14519pt, 430.00462pt, 92.14519pt)
* v-part:(T,H,B)=(95.39737pt, 556.47656pt, 143.09605pt)
* \paperwidth=614.295pt
* \paperheight=794.96999pt
* \textwidth=430.00462pt
* \textheight=556.47656pt
* \oddsidemargin=19.8752pt
* \evensidemargin=19.8752pt
* \topmargin=-13.87262pt
* \headheight=12.0pt
* \headsep=25.0pt
* \topskip=11.0pt
* \footskip=30.0pt
* \marginparwidth=59.0pt
* \marginparsep=10.0pt
* \columnsep=10.0pt
* \skip\footins=10.0pt plus 4.0pt minus 2.0pt
* \hoffset=0.0pt
* \voffset=0.0pt
* \mag=1000
* \@twocolumnfalse
* \@twosidefalse
* \@mparswitchfalse
* \@reversemarginfalse
* (1in=72.27pt=25.4mm, 1cm=28.453pt)

(/home/drake/.miktex/texmfs/install/tex/context/base/mkii/supp-pdf.mkii
[Loading MPS to PDF converter (version 2006.09.02).]
\scratchcounter=\count194
\scratchdimen=\dimen149
\scratchbox=\box51
\nofMPsegments=\count195
\nofMParguments=\count196
\everyMPshowfont=\toks19
\MPscratchCnt=\count197
\MPscratchDim=\dimen150
\MPnumerator=\count198
\makeMPintoPDFobject=\count199
\everyMPtoPDFconversion=\toks20
)
<CMU.png, id=1, 258.7266pt x 75.6426pt>
File: CMU.png Graphic file (type png)
<use CMU.png>
Package pdftex.def Info: CMU.png  used on input line 24.
(pdftex.def)             Requested size: 90.55565pt x 26.4753pt.
LaTeX Font Info:    Trying to load font information for U+msa on input line 25.

 (/home/drake/.miktex/texmfs/install/tex/latex/amsfonts/umsa.fd
File: umsa.fd 2013/01/14 v3.01 AMS symbols A
)
LaTeX Font Info:    Trying to load font information for U+msb on input line 25.


(/home/drake/.miktex/texmfs/install/tex/latex/amsfonts/umsb.fd
File: umsb.fd 2013/01/14 v3.01 AMS symbols B
)
Overfull \hbox (17.0pt too wide) in paragraph at lines 22--26
[]$[]$ 
 []

(Drake-Cullen-Academic-Integrity.toc)
\tf@toc=\write3
\openout3 = `Drake-Cullen-Academic-Integrity.toc'.

 [1

{/home/drake/.miktex/texmfs/data/pdftex/config/pdftex.map} <./CMU.png (PNG copy
)>] [2

] [3] [4] [5]
Overfull \hbox (5.13676pt too wide) in paragraph at lines 79--80
\OT1/cmr/m/n/10.95 Homework is necessary for students to fully understand the t
opics presented in the classroom,
 []


Overfull \hbox (9.53705pt too wide) in paragraph at lines 79--80
\OT1/cmr/m/n/10.95 and many other factors contribute to its importance. Mainly,
 homework teaches responsibility
 []

[6] [7]
Underfull \hbox (badness 10000) in paragraph at lines 97--98
\OT1/cmtt/m/n/10.95 login . aspx ? direct = true \ &db = aph \ &AN = 15536927 \
 &site = eds -[] live \ &scope = site$
 []


Underfull \hbox (badness 6047) in paragraph at lines 99--100
\OT1/cmr/m/n/10.95 28(2), pp. 231{240. Available at: $\OT1/cmtt/m/n/10.95 http 
: / / search . ebscohost . com . ezproxy .
 []


Underfull \hbox (badness 10000) in paragraph at lines 99--100
\OT1/cmtt/m/n/10.95 coloradomesa . edu / login . aspx ? direct = true \ &db = b
th \ &AN = 141445397 \ &site =
 []


Underfull \hbox (badness 1748) in paragraph at lines 102--103
\OT1/cmr/m/n/10.95 Integrity Responsibility, and Frequency of Cheating', \OT1/c
mr/m/it/10.95 Journal of Experimental
 []


Underfull \hbox (badness 2418) in paragraph at lines 107--108
\OT1/cmr/m/n/10.95 commitments and academic dishonesty: who reports in academic
 dishonesty
 []


Underfull \hbox (badness 1127) in paragraph at lines 107--108
\OT1/cmr/m/n/10.95 cases?', \OT1/cmr/m/it/10.95 Assessment & Evaluation in High
er Education\OT1/cmr/m/n/10.95 , 29(1), pp. 75{90. doi:
 []


Underfull \hbox (badness 10000) in paragraph at lines 109--110
\OT1/cmtt/m/n/10.95 edu / login . aspx ? direct = true \ &db = n5h \ &AN = 9X9C
AVNEWSMMGLSTRY000296420293 \
 []


Underfull \hbox (badness 10000) in paragraph at lines 111--112
\OT1/cmtt/m/n/10.95 coloradomesa . edu / login . aspx ? direct = true \ &db = e
dsjsr \ &AN = edsjsr . 42927202 \
 []

[8

] (Drake-Cullen-Academic-Integrity.aux)

LaTeX Warning: There were multiply-defined labels.

 ) 
Here is how much of TeX's memory you used:
 2985 strings out of 480807
 44860 string characters out of 2900637
 341902 words of memory out of 3000000
 20618 multiletter control sequences out of 15000+600000
 410110 words of font info for 52 fonts, out of 8000000 for 9000
 0 hyphenation exceptions out of 8191
 57i,7n,66p,1351b,288s stack positions out of 5000i,500n,10000p,200000b,80000s
</home/drake/.miktex/texmfs/install/fonts/type1/public/amsfonts/cm/cmbx10.pfb
></home/drake/.miktex/texmfs/install/fonts/type1/public/amsfonts/cm/cmbx12.pfb>
</home/drake/.miktex/texmfs/install/fonts/type1/public/amsfonts/cm/cmr10.pfb></
home/drake/.miktex/texmfs/install/fonts/type1/public/amsfonts/cm/cmti10.pfb></h
ome/drake/.miktex/texmfs/install/fonts/type1/public/amsfonts/cm/cmtt10.pfb>
Output written on Drake-Cullen-Academic-Integrity.pdf (8 pages, 130620 bytes).
PDF statistics:
 55 PDF objects out of 1000 (max. 8388607)
 0 named destinations out of 1000 (max. 500000)
 6 words of extra memory for PDF output out of 10000 (max. 10000000)

